{"name": "При создании нового заказа счётчик \"Выполнено за всё время\" увеличивается", "status": "failed", "statusDetails": {"message": "AssertionError: Счётчик \"Выполнено за всё время\" не увеличился\nassert '60305' > '60305'", "trace": "self = <tests.test_order_feed.TestOrderFeed object at 0x000002463628AB70>, login = <selenium.webdriver.firefox.webdriver.WebDriver (session=\"7d2bc3f5-38dd-4125-96af-485ce66b4100\")>\ndriver = <selenium.webdriver.firefox.webdriver.WebDriver (session=\"7d2bc3f5-38dd-4125-96af-485ce66b4100\")>\n\n    @allure.title('При создании нового заказа счётчик \"Выполнено за всё время\" увеличивается')\n    def test_increase_counter_order_for_all_time(self, login, driver):\n        driver = login\n        main_page = MainPage(driver)\n        feed_page = FeedPage(driver)\n    \n        # костыль для прогрузки страницы, без неё не нажимется кнопки (чтобы не использовать sleep)\n        main_page.check_display_bun()\n        main_page.click_to_button_order_history()\n        counter_order_all_time = feed_page.get_all_time_orders()\n        main_page.click_to_key_constructor()\n        main_page.create_order()\n        main_page.click_to_button_order_history()\n        counter_order_all_time_new = feed_page.get_all_time_orders()\n>       assert counter_order_all_time_new > counter_order_all_time, 'Счётчик \"Выполнено за всё время\" не увеличился'\nE       AssertionError: Счётчик \"Выполнено за всё время\" не увеличился\nE       assert '60305' > '60305'\n\ntests\\test_order_feed.py:54: AssertionError"}, "steps": [{"name": "Отображается ингридиент \"Булка\"", "status": "passed", "start": 1715253353571, "stop": 1715253354086}, {"name": "Нажать на кнопку \"Лента заказов\"", "status": "passed", "start": 1715253354086, "stop": 1715253354386}, {"name": "Получить количество выполненных заказов за всё время", "status": "passed", "start": 1715253354386, "stop": 1715253354941}, {"name": "Нажать на кнопку \"Конструктор\"", "status": "passed", "start": 1715253354941, "stop": 1715253355258}, {"name": "Создание заказа", "status": "passed", "steps": [{"name": "Перетаскивание ингредиента в правую часть экрана", "status": "passed", "start": 1715253355258, "stop": 1715253355841}, {"name": "Нажать на кнопку \"Оформить заказ\"", "status": "passed", "start": 1715253355842, "stop": 1715253356110}, {"name": "Получить номер заказа", "status": "passed", "start": 1715253356110, "stop": 1715253359701}, {"name": "Закрыть всплывающее окно с номером заказа", "status": "passed", "start": 1715253359701, "stop": 1715253359992}], "start": 1715253355258, "stop": 1715253359992}, {"name": "Нажать на кнопку \"Лента заказов\"", "status": "passed", "start": 1715253359992, "stop": 1715253360293}, {"name": "Получить количество выполненных заказов за всё время", "status": "passed", "start": 1715253360293, "stop": 1715253360693}], "parameters": [{"name": "driver", "value": "'firefox'"}], "start": 1715253353571, "stop": 1715253360693, "uuid": "8dd7734f-f6e8-48ff-832a-3943a67f68d9", "historyId": "dd7c067eca9764e6fbb6246e5220267d", "testCaseId": "1c2067083637f596776c0aff91ca1877", "fullName": "tests.test_order_feed.TestOrderFeed#test_increase_counter_order_for_all_time", "labels": [{"name": "parentSuite", "value": "tests"}, {"name": "suite", "value": "test_order_feed"}, {"name": "subSuite", "value": "TestOrderFeed"}, {"name": "host", "value": "WIN-081B0PRJBJT"}, {"name": "thread", "value": "8728-MainThread"}, {"name": "framework", "value": "pytest"}, {"name": "language", "value": "cpython3"}, {"name": "package", "value": "tests.test_order_feed"}]}