{"name": "При создании нового заказа счётчик \"Выполнено за сегодня\" увеличивается", "status": "failed", "statusDetails": {"message": "AssertionError: Счётчик \"Выполнено за сегодня\" не увеличился\nassert '491' > '491'", "trace": "self = <tests.test_order_feed.TestOrderFeed object at 0x000002463628AED0>, login = <selenium.webdriver.firefox.webdriver.WebDriver (session=\"c0b68631-4c17-4fcc-9397-503268bec391\")>\ndriver = <selenium.webdriver.firefox.webdriver.WebDriver (session=\"c0b68631-4c17-4fcc-9397-503268bec391\")>\n\n    @allure.title('При создании нового заказа счётчик \"Выполнено за сегодня\" увеличивается')\n    def test_increase_counter_order_for_today(self, login, driver):\n        driver = login\n        main_page = MainPage(driver)\n        feed_page = FeedPage(driver)\n    \n        # костыль для прогрузки страницы, без неё не нажимется кнопки (чтобы не использовать sleep)\n        main_page.check_display_bun()\n        main_page.click_to_button_order_history()\n        counter_order_today = feed_page.get_today_orders()\n        main_page.click_to_key_constructor()\n        main_page.create_order()\n        main_page.click_to_button_order_history()\n        counter_order_today_new = feed_page.get_today_orders()\n>       assert counter_order_today_new > counter_order_today, 'Счётчик \"Выполнено за сегодня\" не увеличился'\nE       AssertionError: Счётчик \"Выполнено за сегодня\" не увеличился\nE       assert '491' > '491'\n\ntests\\test_order_feed.py:70: AssertionError"}, "steps": [{"name": "Отображается ингридиент \"Булка\"", "status": "passed", "start": 1715253384958, "stop": 1715253385470}, {"name": "Нажать на кнопку \"Лента заказов\"", "status": "passed", "start": 1715253385470, "stop": 1715253385756}, {"name": "Получить количество выполненных заказов за сегодня", "status": "passed", "start": 1715253385756, "stop": 1715253386321}, {"name": "Нажать на кнопку \"Конструктор\"", "status": "passed", "start": 1715253386322, "stop": 1715253386630}, {"name": "Создание заказа", "status": "passed", "steps": [{"name": "Перетаскивание ингредиента в правую часть экрана", "status": "passed", "start": 1715253386631, "stop": 1715253387184}, {"name": "Нажать на кнопку \"Оформить заказ\"", "status": "passed", "start": 1715253387184, "stop": 1715253387455}, {"name": "Получить номер заказа", "status": "passed", "start": 1715253387455, "stop": 1715253391039}, {"name": "Закрыть всплывающее окно с номером заказа", "status": "passed", "start": 1715253391039, "stop": 1715253391330}], "start": 1715253386631, "stop": 1715253391330}, {"name": "Нажать на кнопку \"Лента заказов\"", "status": "passed", "start": 1715253391330, "stop": 1715253391635}, {"name": "Получить количество выполненных заказов за сегодня", "status": "passed", "start": 1715253391635, "stop": 1715253392162}], "parameters": [{"name": "driver", "value": "'firefox'"}], "start": 1715253384957, "stop": 1715253392163, "uuid": "cf60e6eb-4d29-4a30-8529-caa076d5d930", "historyId": "4cb32fd7f667c73b4df8ce29b930eccd", "testCaseId": "c64a16ca79f97473114cd3728592a5ea", "fullName": "tests.test_order_feed.TestOrderFeed#test_increase_counter_order_for_today", "labels": [{"name": "parentSuite", "value": "tests"}, {"name": "suite", "value": "test_order_feed"}, {"name": "subSuite", "value": "TestOrderFeed"}, {"name": "host", "value": "WIN-081B0PRJBJT"}, {"name": "thread", "value": "8728-MainThread"}, {"name": "framework", "value": "pytest"}, {"name": "language", "value": "cpython3"}, {"name": "package", "value": "tests.test_order_feed"}]}