{"name": "После оформления заказа его номер появляется в разделе \"В работе\"", "status": "broken", "statusDetails": {"message": "selenium.common.exceptions.StaleElementReferenceException: Message: stale element reference: stale element not found in the current frame\n  (Session info: chrome=124.0.6367.119); For documentation on this error, please visit: https://www.selenium.dev/documentation/webdriver/troubleshooting/errors#stale-element-reference-exception\nStacktrace:\n\tGetHandleVerifier [0x00007FF6AD411572+60802]\n\t(No symbol) [0x00007FF6AD38AC72]\n\t(No symbol) [0x00007FF6AD247CE4]\n\t(No symbol) [0x00007FF6AD24DE26]\n\t(No symbol) [0x00007FF6AD2501DB]\n\t(No symbol) [0x00007FF6AD250280]\n\t(No symbol) [0x00007FF6AD290E0B]\n\t(No symbol) [0x00007FF6AD2BAB7A]\n\t(No symbol) [0x00007FF6AD28A7C6]\n\t(No symbol) [0x00007FF6AD2BAD90]\n\t(No symbol) [0x00007FF6AD2DA224]\n\t(No symbol) [0x00007FF6AD2BA923]\n\t(No symbol) [0x00007FF6AD288FEC]\n\t(No symbol) [0x00007FF6AD289C21]\n\tGetHandleVerifier [0x00007FF6AD71420D+3217949]\n\tGetHandleVerifier [0x00007FF6AD7561A7+3488183]\n\tGetHandleVerifier [0x00007FF6AD74F12F+3459391]\n\tGetHandleVerifier [0x00007FF6AD4CB936+823622]\n\t(No symbol) [0x00007FF6AD39600F]\n\t(No symbol) [0x00007FF6AD390F34]\n\t(No symbol) [0x00007FF6AD3910C2]\n\t(No symbol) [0x00007FF6AD381914]\n\tBaseThreadInitThunk [0x00007FFEF3C57344+20]\n\tRtlUserThreadStart [0x00007FFEF55A26B1+33]", "trace": "self = <tests.test_order_feed.TestOrderFeed object at 0x000002463628B170>, login = <selenium.webdriver.chrome.webdriver.WebDriver (session=\"4d096e6db962b8c3c26e8f924adb0c22\")>\ndriver = <selenium.webdriver.chrome.webdriver.WebDriver (session=\"4d096e6db962b8c3c26e8f924adb0c22\")>\n\n    @allure.title('После оформления заказа его номер появляется в разделе \"В работе\"')\n    def test_order_number_appears_in_work(self, login, driver):\n        driver = login\n        feed_page = FeedPage(driver)\n        main_page = MainPage(driver)\n    \n        # костыль для прогрузки страницы, без неё не нажимется кнопки (чтобы не использовать sleep)\n        main_page.check_display_bun()\n        number_order = main_page.create_order()\n        main_page.click_to_button_order_history()\n>       numbers_order_in_progress = feed_page.get_updated_order_number_in_list_in_progress()\n\ntests\\test_order_feed.py:82: \n_ _ _ _ _ _ _ _ _ _ _ _ _ _ _ _ _ _ _ _ _ _ _ _ _ _ _ _ _ _ _ _ _ _ _ _ _ _ _ _ _ _ _ _ _ _ _ _ _ _ _ _ _ _ _ _ _ _ _ _ _ _ _ _ _ _ _ _ _ _ _ _ _ _ _ _ _ _ _ _ _ _ _ _ _ _ _ _ _ _ _ _ _ _ _ _ _ _ _ _ _\npages\\feed_page.py:35: in get_updated_order_number_in_list_in_progress\n    return self.get_updated_text_from_element(FeedPageLocators.NUMBER_ORDER_IN_PROGRESS)\npages\\base_page.py:41: in get_updated_text_from_element\n    wait.until(lambda driver: element.text != current_text)\n..\\..\\..\\AppData\\Local\\Programs\\Python\\Python312\\Lib\\site-packages\\selenium\\webdriver\\support\\wait.py:96: in until\n    value = method(self._driver)\npages\\base_page.py:41: in <lambda>\n    wait.until(lambda driver: element.text != current_text)\n..\\..\\..\\AppData\\Local\\Programs\\Python\\Python312\\Lib\\site-packages\\selenium\\webdriver\\remote\\webelement.py:90: in text\n    return self._execute(Command.GET_ELEMENT_TEXT)[\"value\"]\n..\\..\\..\\AppData\\Local\\Programs\\Python\\Python312\\Lib\\site-packages\\selenium\\webdriver\\remote\\webelement.py:395: in _execute\n    return self._parent.execute(command, params)\n..\\..\\..\\AppData\\Local\\Programs\\Python\\Python312\\Lib\\site-packages\\selenium\\webdriver\\remote\\webdriver.py:347: in execute\n    self.error_handler.check_response(response)\n_ _ _ _ _ _ _ _ _ _ _ _ _ _ _ _ _ _ _ _ _ _ _ _ _ _ _ _ _ _ _ _ _ _ _ _ _ _ _ _ _ _ _ _ _ _ _ _ _ _ _ _ _ _ _ _ _ _ _ _ _ _ _ _ _ _ _ _ _ _ _ _ _ _ _ _ _ _ _ _ _ _ _ _ _ _ _ _ _ _ _ _ _ _ _ _ _ _ _ _ _\n\nself = <selenium.webdriver.remote.errorhandler.ErrorHandler object at 0x000002463636B3E0>\nresponse = {'status': 404, 'value': '{\"value\":{\"error\":\"stale element reference\",\"message\":\"stale element reference: stale elemen...07FF6AD381914]\\\\n\\\\tBaseThreadInitThunk [0x00007FFEF3C57344+20]\\\\n\\\\tRtlUserThreadStart [0x00007FFEF55A26B1+33]\\\\n\"}}'}\n\n    def check_response(self, response: Dict[str, Any]) -> None:\n        \"\"\"Checks that a JSON response from the WebDriver does not have an\n        error.\n    \n        :Args:\n         - response - The JSON response from the WebDriver server as a dictionary\n           object.\n    \n        :Raises: If the response contains an error message.\n        \"\"\"\n        status = response.get(\"status\", None)\n        if not status or status == ErrorCode.SUCCESS:\n            return\n        value = None\n        message = response.get(\"message\", \"\")\n        screen: str = response.get(\"screen\", \"\")\n        stacktrace = None\n        if isinstance(status, int):\n            value_json = response.get(\"value\", None)\n            if value_json and isinstance(value_json, str):\n                import json\n    \n                try:\n                    value = json.loads(value_json)\n                    if len(value) == 1:\n                        value = value[\"value\"]\n                    status = value.get(\"error\", None)\n                    if not status:\n                        status = value.get(\"status\", ErrorCode.UNKNOWN_ERROR)\n                        message = value.get(\"value\") or value.get(\"message\")\n                        if not isinstance(message, str):\n                            value = message\n                            message = message.get(\"message\")\n                    else:\n                        message = value.get(\"message\", None)\n                except ValueError:\n                    pass\n    \n        exception_class: Type[WebDriverException]\n        e = ErrorCode()\n        error_codes = [item for item in dir(e) if not item.startswith(\"__\")]\n        for error_code in error_codes:\n            error_info = getattr(ErrorCode, error_code)\n            if isinstance(error_info, list) and status in error_info:\n                exception_class = getattr(ExceptionMapping, error_code, WebDriverException)\n                break\n        else:\n            exception_class = WebDriverException\n    \n        if not value:\n            value = response[\"value\"]\n        if isinstance(value, str):\n            raise exception_class(value)\n        if message == \"\" and \"message\" in value:\n            message = value[\"message\"]\n    \n        screen = None  # type: ignore[assignment]\n        if \"screen\" in value:\n            screen = value[\"screen\"]\n    \n        stacktrace = None\n        st_value = value.get(\"stackTrace\") or value.get(\"stacktrace\")\n        if st_value:\n            if isinstance(st_value, str):\n                stacktrace = st_value.split(\"\\n\")\n            else:\n                stacktrace = []\n                try:\n                    for frame in st_value:\n                        line = frame.get(\"lineNumber\", \"\")\n                        file = frame.get(\"fileName\", \"<anonymous>\")\n                        if line:\n                            file = f\"{file}:{line}\"\n                        meth = frame.get(\"methodName\", \"<anonymous>\")\n                        if \"className\" in frame:\n                            meth = f\"{frame['className']}.{meth}\"\n                        msg = \"    at %s (%s)\"\n                        msg = msg % (meth, file)\n                        stacktrace.append(msg)\n                except TypeError:\n                    pass\n        if exception_class == UnexpectedAlertPresentException:\n            alert_text = None\n            if \"data\" in value:\n                alert_text = value[\"data\"].get(\"text\")\n            elif \"alert\" in value:\n                alert_text = value[\"alert\"].get(\"text\")\n            raise exception_class(message, screen, stacktrace, alert_text)  # type: ignore[call-arg]  # mypy is not smart enough here\n>       raise exception_class(message, screen, stacktrace)\nE       selenium.common.exceptions.StaleElementReferenceException: Message: stale element reference: stale element not found in the current frame\nE         (Session info: chrome=124.0.6367.119); For documentation on this error, please visit: https://www.selenium.dev/documentation/webdriver/troubleshooting/errors#stale-element-reference-exception\nE       Stacktrace:\nE       \tGetHandleVerifier [0x00007FF6AD411572+60802]\nE       \t(No symbol) [0x00007FF6AD38AC72]\nE       \t(No symbol) [0x00007FF6AD247CE4]\nE       \t(No symbol) [0x00007FF6AD24DE26]\nE       \t(No symbol) [0x00007FF6AD2501DB]\nE       \t(No symbol) [0x00007FF6AD250280]\nE       \t(No symbol) [0x00007FF6AD290E0B]\nE       \t(No symbol) [0x00007FF6AD2BAB7A]\nE       \t(No symbol) [0x00007FF6AD28A7C6]\nE       \t(No symbol) [0x00007FF6AD2BAD90]\nE       \t(No symbol) [0x00007FF6AD2DA224]\nE       \t(No symbol) [0x00007FF6AD2BA923]\nE       \t(No symbol) [0x00007FF6AD288FEC]\nE       \t(No symbol) [0x00007FF6AD289C21]\nE       \tGetHandleVerifier [0x00007FF6AD71420D+3217949]\nE       \tGetHandleVerifier [0x00007FF6AD7561A7+3488183]\nE       \tGetHandleVerifier [0x00007FF6AD74F12F+3459391]\nE       \tGetHandleVerifier [0x00007FF6AD4CB936+823622]\nE       \t(No symbol) [0x00007FF6AD39600F]\nE       \t(No symbol) [0x00007FF6AD390F34]\nE       \t(No symbol) [0x00007FF6AD3910C2]\nE       \t(No symbol) [0x00007FF6AD381914]\nE       \tBaseThreadInitThunk [0x00007FFEF3C57344+20]\nE       \tRtlUserThreadStart [0x00007FFEF55A26B1+33]\n\n..\\..\\..\\AppData\\Local\\Programs\\Python\\Python312\\Lib\\site-packages\\selenium\\webdriver\\remote\\errorhandler.py:229: StaleElementReferenceException"}, "steps": [{"name": "Отображается ингридиент \"Булка\"", "status": "passed", "start": 1715253398009, "stop": 1715253398534}, {"name": "Создание заказа", "status": "passed", "steps": [{"name": "Перетаскивание ингредиента в правую часть экрана", "status": "passed", "start": 1715253398534, "stop": 1715253399115}, {"name": "Нажать на кнопку \"Оформить заказ\"", "status": "passed", "start": 1715253399115, "stop": 1715253399401}, {"name": "Получить номер заказа", "status": "passed", "start": 1715253399401, "stop": 1715253400963}, {"name": "Закрыть всплывающее окно с номером заказа", "status": "passed", "start": 1715253400963, "stop": 1715253401243}], "start": 1715253398534, "stop": 1715253401243}, {"name": "Нажать на кнопку \"Лента заказов\"", "status": "passed", "start": 1715253401243, "stop": 1715253401542}, {"name": "Получить номер заказа, как он появится в списке", "status": "broken", "statusDetails": {"message": "selenium.common.exceptions.StaleElementReferenceException: Message: stale element reference: stale element not found in the current frame\n  (Session info: chrome=124.0.6367.119); For documentation on this error, please visit: https://www.selenium.dev/documentation/webdriver/troubleshooting/errors#stale-element-reference-exception\nStacktrace:\n\tGetHandleVerifier [0x00007FF6AD411572+60802]\n\t(No symbol) [0x00007FF6AD38AC72]\n\t(No symbol) [0x00007FF6AD247CE4]\n\t(No symbol) [0x00007FF6AD24DE26]\n\t(No symbol) [0x00007FF6AD2501DB]\n\t(No symbol) [0x00007FF6AD250280]\n\t(No symbol) [0x00007FF6AD290E0B]\n\t(No symbol) [0x00007FF6AD2BAB7A]\n\t(No symbol) [0x00007FF6AD28A7C6]\n\t(No symbol) [0x00007FF6AD2BAD90]\n\t(No symbol) [0x00007FF6AD2DA224]\n\t(No symbol) [0x00007FF6AD2BA923]\n\t(No symbol) [0x00007FF6AD288FEC]\n\t(No symbol) [0x00007FF6AD289C21]\n\tGetHandleVerifier [0x00007FF6AD71420D+3217949]\n\tGetHandleVerifier [0x00007FF6AD7561A7+3488183]\n\tGetHandleVerifier [0x00007FF6AD74F12F+3459391]\n\tGetHandleVerifier [0x00007FF6AD4CB936+823622]\n\t(No symbol) [0x00007FF6AD39600F]\n\t(No symbol) [0x00007FF6AD390F34]\n\t(No symbol) [0x00007FF6AD3910C2]\n\t(No symbol) [0x00007FF6AD381914]\n\tBaseThreadInitThunk [0x00007FFEF3C57344+20]\n\tRtlUserThreadStart [0x00007FFEF55A26B1+33]\n\n", "trace": "  File \"C:\\Users\\user\\AppData\\Local\\Programs\\Python\\Python312\\Lib\\site-packages\\allure_commons\\_allure.py\", line 192, in impl\n    return func(*a, **kw)\n           ^^^^^^^^^^^^^^\n  File \"C:\\Users\\user\\PycharmProjects\\Diplom_Victor_Korol_6\\Diplom_3\\pages\\feed_page.py\", line 35, in get_updated_order_number_in_list_in_progress\n    return self.get_updated_text_from_element(FeedPageLocators.NUMBER_ORDER_IN_PROGRESS)\n           ^^^^^^^^^^^^^^^^^^^^^^^^^^^^^^^^^^^^^^^^^^^^^^^^^^^^^^^^^^^^^^^^^^^^^^^^^^^^^\n  File \"C:\\Users\\user\\PycharmProjects\\Diplom_Victor_Korol_6\\Diplom_3\\pages\\base_page.py\", line 41, in get_updated_text_from_element\n    wait.until(lambda driver: element.text != current_text)\n  File \"C:\\Users\\user\\AppData\\Local\\Programs\\Python\\Python312\\Lib\\site-packages\\selenium\\webdriver\\support\\wait.py\", line 96, in until\n    value = method(self._driver)\n            ^^^^^^^^^^^^^^^^^^^^\n  File \"C:\\Users\\user\\PycharmProjects\\Diplom_Victor_Korol_6\\Diplom_3\\pages\\base_page.py\", line 41, in <lambda>\n    wait.until(lambda driver: element.text != current_text)\n                              ^^^^^^^^^^^^\n  File \"C:\\Users\\user\\AppData\\Local\\Programs\\Python\\Python312\\Lib\\site-packages\\selenium\\webdriver\\remote\\webelement.py\", line 90, in text\n    return self._execute(Command.GET_ELEMENT_TEXT)[\"value\"]\n           ^^^^^^^^^^^^^^^^^^^^^^^^^^^^^^^^^^^^^^^\n  File \"C:\\Users\\user\\AppData\\Local\\Programs\\Python\\Python312\\Lib\\site-packages\\selenium\\webdriver\\remote\\webelement.py\", line 395, in _execute\n    return self._parent.execute(command, params)\n           ^^^^^^^^^^^^^^^^^^^^^^^^^^^^^^^^^^^^^\n  File \"C:\\Users\\user\\AppData\\Local\\Programs\\Python\\Python312\\Lib\\site-packages\\selenium\\webdriver\\remote\\webdriver.py\", line 347, in execute\n    self.error_handler.check_response(response)\n  File \"C:\\Users\\user\\AppData\\Local\\Programs\\Python\\Python312\\Lib\\site-packages\\selenium\\webdriver\\remote\\errorhandler.py\", line 229, in check_response\n    raise exception_class(message, screen, stacktrace)\n"}, "start": 1715253401542, "stop": 1715253409280}], "parameters": [{"name": "driver", "value": "'chrome'"}], "start": 1715253398009, "stop": 1715253409287, "uuid": "87f77f61-5ea9-4cb8-9bb2-24ed412bc810", "historyId": "581c5e12927747c924ed598710124310", "testCaseId": "a1021e6017f4b231e113f79c1b83627f", "fullName": "tests.test_order_feed.TestOrderFeed#test_order_number_appears_in_work", "labels": [{"name": "parentSuite", "value": "tests"}, {"name": "suite", "value": "test_order_feed"}, {"name": "subSuite", "value": "TestOrderFeed"}, {"name": "host", "value": "WIN-081B0PRJBJT"}, {"name": "thread", "value": "8728-MainThread"}, {"name": "framework", "value": "pytest"}, {"name": "language", "value": "cpython3"}, {"name": "package", "value": "tests.test_order_feed"}]}